<?xml version="1.0" encoding="UTF-8"?>
<testsuite xmlns:xsi="http://www.w3.org/2001/XMLSchema-instance" xsi:noNamespaceSchemaLocation="https://maven.apache.org/surefire/maven-surefire-plugin/xsd/surefire-test-report.xsd" version="3.0.2" name="com.example.pro_spring.ProSpringApplicationTests" time="1.563" tests="2" errors="0" skipped="0" failures="0">
  <properties>
[...]
</properties>
  <testcase name="mainStartApplication" classname="com.example.pro_spring.ProSpringApplicationTests" time="0.699">
    <system-out><![CDATA[2026-01-03T17:56:18.765+01:00  INFO 18624 --- [Pro_Spring] [           main] t.c.s.AnnotationConfigContextLoaderUtils : Could not detect default configuration classes for test class [com.example.pro_spring.ProSpringApplicationTests]: ProSpringApplicationTests does not declare any static, non-private, non-final, nested classes annotated with @Configuration.
2026-01-03T17:56:18.768+01:00  INFO 18624 --- [Pro_Spring] [           main] .b.t.c.SpringBootTestContextBootstrapper : Found @SpringBootConfiguration com.example.pro_spring.ProSpringApplication for test class com.example.pro_spring.ProSpringApplicationTests

  .   ____          _            __ _ _
 /\\ / ___'_ __ _ _(_)_ __  __ _ \ \ \ \
( ( )\___ | '_ | '_| | '_ \/ _` | \ \ \ \
 \\/  ___)| |_)| | | | | || (_| |  ) ) ) )
  '  |____| .__|_| |_|_| |_\__, | / / / /
 =========|_|==============|___/=/_/_/_/

 :: Spring Boot ::                (v3.5.7)

2026-01-03T17:56:18.797+01:00  INFO 18624 --- [Pro_Spring] [           main] c.e.p.ProSpringApplicationTests          : Starting ProSpringApplicationTests using Java 17.0.14 with PID 18624 (started by Oskar in C:\Users\Oskar\Documents\GitHub\Przetwarzanie_odporne_na_blady_pro\Pro_Spring)
2026-01-03T17:56:18.798+01:00  INFO 18624 --- [Pro_Spring] [           main] c.e.p.ProSpringApplicationTests          : No active profile set, falling back to 1 default profile: "default"
 SERVER 0 Wlaczony na porcie 8000 (leader=8000) 
2026-01-03T17:56:19.623+01:00  INFO 18624 --- [Pro_Spring] [           main] c.e.p.ProSpringApplicationTests          : Started ProSpringApplicationTests in 0.844 seconds (process running for 7.853)

  .   ____          _            __ _ _
 /\\ / ___'_ __ _ _(_)_ __  __ _ \ \ \ \
( ( )\___ | '_ | '_| | '_ \/ _` | \ \ \ \
 \\/  ___)| |_)| | | | | || (_| |  ) ) ) )
  '  |____| .__|_| |_|_| |_\__, | / / / /
 =========|_|==============|___/=/_/_/_/

 :: Spring Boot ::                (v3.5.7)

2026-01-03T17:56:19.649+01:00  INFO 18624 --- [Pro_Spring] [           main] c.e.pro_spring.ProSpringApplication      : Starting ProSpringApplication using Java 17.0.14 with PID 18624 (started by Oskar in C:\Users\Oskar\Documents\GitHub\Przetwarzanie_odporne_na_blady_pro\Pro_Spring)
2026-01-03T17:56:19.650+01:00  INFO 18624 --- [Pro_Spring] [           main] c.e.pro_spring.ProSpringApplication      : No active profile set, falling back to 1 default profile: "default"
2026-01-03T17:56:20.030+01:00  INFO 18624 --- [Pro_Spring] [           main] o.s.b.w.embedded.tomcat.TomcatWebServer  : Tomcat initialized with port 8000 (http)
2026-01-03T17:56:20.049+01:00  INFO 18624 --- [Pro_Spring] [           main] o.apache.catalina.core.StandardService   : Starting service [Tomcat]
2026-01-03T17:56:20.051+01:00  INFO 18624 --- [Pro_Spring] [           main] o.apache.catalina.core.StandardEngine    : Starting Servlet engine: [Apache Tomcat/10.1.48]
2026-01-03T17:56:20.116+01:00  INFO 18624 --- [Pro_Spring] [           main] o.a.c.c.C.[Tomcat].[localhost].[/]       : Initializing Spring embedded WebApplicationContext
2026-01-03T17:56:20.116+01:00  INFO 18624 --- [Pro_Spring] [           main] w.s.c.ServletWebServerApplicationContext : Root WebApplicationContext: initialization completed in 465 ms
Standard Commons Logging discovery in action with spring-jcl: please remove commons-logging.jar from classpath in order to avoid potential conflicts
 SERVER 0 Wlaczony na porcie 8000 (leader=8000) 
2026-01-03T17:56:20.315+01:00  INFO 18624 --- [Pro_Spring] [           main] o.s.b.w.embedded.tomcat.TomcatWebServer  : Tomcat started on port 8000 (http) with context path '/'
2026-01-03T17:56:20.320+01:00  INFO 18624 --- [Pro_Spring] [           main] c.e.pro_spring.ProSpringApplication      : Started ProSpringApplication in 0.692 seconds (process running for 8.55)
]]></system-out>
  </testcase>
  <testcase name="contextLoads" classname="com.example.pro_spring.ProSpringApplicationTests" time="0.002"/>
</testsuite>