<?xml version="1.0" encoding="UTF-8"?>
<testsuite xmlns:xsi="http://www.w3.org/2001/XMLSchema-instance" xsi:noNamespaceSchemaLocation="https://maven.apache.org/surefire/maven-surefire-plugin/xsd/surefire-test-report.xsd" version="3.0.2" name="com.example.pro_spring.PaxosServerTests" time="0.918" tests="0" errors="0" skipped="0" failures="0">
  <properties>
[...]
</properties>
  <testcase name="electNewLeaderNoCandidates" classname="Testy PaxosServer" time="0.651">
    <system-out><![CDATA[ SERVER 1 Wlaczony na porcie 8000 (leader=8000) 
LEADER CHANGE: 8000 -> 1234
[SERVER 8000] Serwer zaciety z wiadomoscia: ERROR
[SERVER 8000] Brak kandydatow na lidera
]]></system-out>
  </testcase>
  <testcase name="discoverLeaderOnRecoveryElect" classname="Testy PaxosServer" time="0.011">
    <system-out><![CDATA[LEADER CHANGE: 1234 -> 8000
 SERVER 1 Wlaczony na porcie 8000 (leader=8000) 
LEADER CHANGE: 8000 -> -1
LEADER CHANGE: -1 -> 8000
[SERVER 8000] Nowy leader wybrany = 8000
]]></system-out>
  </testcase>
  <testcase name="discoverLeaderOnRecoveryFound" classname="Testy PaxosServer" time="0.007">
    <system-out><![CDATA[ SERVER 1 Wlaczony na porcie 8000 (leader=8000) 
LEADER CHANGE: 8000 -> -1
LEADER CHANGE: -1 -> 8003
]]></system-out>
  </testcase>
  <testcase name="isAliveTrueReflection" classname="Testy PaxosServer" time="0.012">
    <system-out><![CDATA[LEADER CHANGE: 8003 -> 8000
 SERVER 1 Wlaczony na porcie 8000 (leader=8000) 
]]></system-out>
  </testcase>
  <testcase name="chooseValueFromPromisesReflection" classname="Testy PaxosServer" time="0.003">
    <system-out><![CDATA[ SERVER 1 Wlaczony na porcie 8000 (leader=8000) 
]]></system-out>
  </testcase>
  <testcase name="rollbackRestore" classname="Testy PaxosServer" time="0.018">
    <system-out><![CDATA[ SERVER 1 Wlaczony na porcie 8000 (leader=8000) 
[SERVER 8000] <- PREPARE proposalId=5
[SERVER 8000] -> PROMISE (accepted=(-1,-1))
[SERVER 8000] <- ACCEPT proposalId=5 value=10
[SERVER 8000] -> ACCEPTED (5,10)
[SERVER 8000] <- PREPARE proposalId=8
[SERVER 8000] -> PROMISE (accepted=(5,10))
[SERVER 8000] <- ACCEPT proposalId=8 value=99
[SERVER 8000] -> ACCEPTED (8,99)
[SERVER 8000] ROLLBACK -> (8,5,10)
]]></system-out>
  </testcase>
  <testcase name="clearReset" classname="Testy PaxosServer" time="0.002">
    <system-out><![CDATA[ SERVER 1 Wlaczony na porcie 8000 (leader=8000) 
[SERVER 8000] INJECT promised=10
[SERVER 8000] INJECT acceptedProposal=5
[SERVER 8000] INJECT acceptedValue=50
[SERVER 8000] Wyczyszczono dane 
]]></system-out>
  </testcase>
  <testcase name="electNewLeaderSkipsStuckServer" classname="Testy PaxosServer" time="0.005">
    <system-out><![CDATA[ SERVER 1 Wlaczony na porcie 8000 (leader=8000) 
LEADER CHANGE: 8000 -> -1
[SERVER 8000] http://localhost:8000 jest STUCK (For input string: "NOT_A_NUMBER")
[SERVER 8000] http://localhost:8001 jest STUCK (For input string: "NOT_A_NUMBER")
[SERVER 8000] http://localhost:8002 jest STUCK (For input string: "NOT_A_NUMBER")
[SERVER 8000] http://localhost:8003 jest STUCK (For input string: "NOT_A_NUMBER")
[SERVER 8000] http://localhost:8004 jest STUCK (For input string: "NOT_A_NUMBER")
[SERVER 8000] http://localhost:8005 jest STUCK (For input string: "NOT_A_NUMBER")
[SERVER 8000] http://localhost:8006 jest STUCK (For input string: "NOT_A_NUMBER")
[SERVER 8000] http://localhost:8007 jest STUCK (For input string: "NOT_A_NUMBER")
LEADER CHANGE: -1 -> 8000
[SERVER 8000] Nowy leader wybrany = 8000
]]></system-out>
  </testcase>
  <testcase name="collectAliveReflection" classname="Testy PaxosServer" time="0.03">
    <system-out><![CDATA[ SERVER 1 Wlaczony na porcie 8000 (leader=8000) 
]]></system-out>
  </testcase>
  <testcase name="isAliveFalseReflection" classname="Testy PaxosServer" time="0.003">
    <system-out><![CDATA[ SERVER 1 Wlaczony na porcie 8000 (leader=8000) 
]]></system-out>
  </testcase>
  <testcase name="chooseValueClientValue" classname="Testy PaxosServer" time="0.002">
    <system-out><![CDATA[ SERVER 1 Wlaczony na porcie 8000 (leader=8000) 
]]></system-out>
  </testcase>
  <testcase name="discoverLeaderOnStartupLeaderAlive" classname="watcher() – wybor lidera" time="0.022">
    <system-out><![CDATA[ SERVER 1 Wlaczony na porcie 8000 (leader=8000) 
LEADER CHANGE: 8000 -> 8001
]]></system-out>
  </testcase>
  <testcase name="watcherElect" classname="watcher() – wybor lidera" time="0.006">
    <system-out><![CDATA[LEADER CHANGE: 8001 -> 8000
 SERVER 1 Wlaczony na porcie 8000 (leader=8000) 
LEADER CHANGE: 8000 -> 9000
[SERVER 8000] Leader 9000 nie żyje – start elekcji
LEADER CHANGE: 9000 -> 8000
[SERVER 8000] Nowy leader wybrany = 8000
]]></system-out>
  </testcase>
  <testcase name="electNewLeaderReflection" classname="watcher() – wybor lidera" time="0.005">
    <system-out><![CDATA[ SERVER 1 Wlaczony na porcie 8000 (leader=8000) 
LEADER CHANGE: 8000 -> 9999
LEADER CHANGE: 9999 -> 8000
[SERVER 8000] Nowy leader wybrany = 8000
]]></system-out>
  </testcase>
  <testcase name="discoverLeaderOnStartupElect" classname="watcher() – wybor lidera" time="0.006">
    <system-out><![CDATA[ SERVER 1 Wlaczony na porcie 8000 (leader=8000) 
LEADER CHANGE: 8000 -> 9000
LEADER CHANGE: 9000 -> 8000
[SERVER 8000] Nowy leader wybrany = 8000
]]></system-out>
  </testcase>
  <testcase name="paxosRollbackNoMajorityInPrepare" classname="startPaxos() – pelny przebieg protokolu Paxos" time="0.034">
    <system-out><![CDATA[ SERVER 1 Wlaczony na porcie 8000 (leader=8000) 

[LIDER 8000] Poczatek rundy paxosa
[LIDER 8000] proposalId=84763482, clientValue=10
[LIDER 8000] Dzialajace serwery (8): [http://localhost:8000, http://localhost:8001, http://localhost:8002, http://localhost:8003, http://localhost:8004, http://localhost:8005, http://localhost:8006, http://localhost:8007]
[LIDER 8000] -> PREPARE do http://localhost:8000
[LIDER 8000] -> PREPARE do http://localhost:8001
[LIDER 8000] -> PREPARE do http://localhost:8002
[LIDER 8000] -> PREPARE do http://localhost:8003
[LIDER 8000] -> PREPARE do http://localhost:8004
[LIDER 8000] -> PREPARE do http://localhost:8005
[LIDER 8000] -> PREPARE do http://localhost:8006
[LIDER 8000] -> PREPARE do http://localhost:8007
[LIDER 8000] Otrzymane PROMISE: [(-1,-1), (-1,-1)]
[LIDER 8000] Brak wiekszosci w PREPARE (2/5) — ROLLBACK
[LIDER 8000] -> ROLLBACK wyslany do http://localhost:8000 => ROLLED_BACK
[LIDER 8000] -> ROLLBACK wyslany do http://localhost:8001 => ROLLED_BACK
[LIDER 8000] -> ROLLBACK wyslany do http://localhost:8002 => ROLLED_BACK
[LIDER 8000] -> ROLLBACK wyslany do http://localhost:8003 => ROLLED_BACK
[LIDER 8000] -> ROLLBACK wyslany do http://localhost:8004 => ROLLED_BACK
[LIDER 8000] -> ROLLBACK wyslany do http://localhost:8005 => ROLLED_BACK
[LIDER 8000] -> ROLLBACK wyslany do http://localhost:8006 => ROLLED_BACK
[LIDER 8000] -> ROLLBACK wyslany do http://localhost:8007 => ROLLED_BACK
]]></system-out>
  </testcase>
  <testcase name="startPaxos" classname="startPaxos() – pelny przebieg protokolu Paxos" time="0.002">
    <system-out><![CDATA[ SERVER 1 Wlaczony na porcie 8000 (leader=8000) 
]]></system-out>
  </testcase>
  <testcase name="paxosHappyPath" classname="startPaxos() – pelny przebieg protokolu Paxos" time="0.02">
    <system-out><![CDATA[ SERVER 1 Wlaczony na porcie 8000 (leader=8000) 

[LIDER 8000] Poczatek rundy paxosa
[LIDER 8000] proposalId=84763516, clientValue=10
[LIDER 8000] Dzialajace serwery (8): [http://localhost:8000, http://localhost:8001, http://localhost:8002, http://localhost:8003, http://localhost:8004, http://localhost:8005, http://localhost:8006, http://localhost:8007]
[LIDER 8000] -> PREPARE do http://localhost:8000
[LIDER 8000] -> PREPARE do http://localhost:8001
[LIDER 8000] -> PREPARE do http://localhost:8002
[LIDER 8000] -> PREPARE do http://localhost:8003
[LIDER 8000] -> PREPARE do http://localhost:8004
[LIDER 8000] -> PREPARE do http://localhost:8005
[LIDER 8000] -> PREPARE do http://localhost:8006
[LIDER 8000] -> PREPARE do http://localhost:8007
[LIDER 8000] Otrzymane PROMISE: [(-1,-1), (-1,-1), (-1,-1), (-1,-1), (-1,-1), (-1,-1), (-1,-1), (-1,-1)]
[LIDER 8000] Ustalona wartosc = 10
[LIDER 8000] -> ACCEPT do http://localhost:8000, 10
[LIDER 8000] -> ACCEPT do http://localhost:8001, 10
[LIDER 8000] -> ACCEPT do http://localhost:8002, 10
[LIDER 8000] -> ACCEPT do http://localhost:8003, 10
[LIDER 8000] -> ACCEPT do http://localhost:8004, 10
[LIDER 8000] -> ACCEPT do http://localhost:8005, 10
[LIDER 8000] -> ACCEPT do http://localhost:8006, 10
[LIDER 8000] -> ACCEPT do http://localhost:8007, 10
[LIDER 8000] Ilosc ACCEPT = 8
[LIDER 8000] Finalna, ustalona wartosc = 10
]]></system-out>
  </testcase>
  <testcase name="unstuckClear" classname="Obsluga stanu bledu stuck" time="0.003">
    <system-out><![CDATA[ SERVER 1 Wlaczony na porcie 8000 (leader=8000) 
[SERVER 8000] Serwer zaciety z wiadomoscia: ERROR
LEADER CHANGE: 8000 -> -1
[SERVER 8000] Serwer wraca do normalnego dzialania: 
]]></system-out>
  </testcase>
  <testcase name="stuckSet" classname="Obsluga stanu bledu stuck" time="0.003">
    <system-out><![CDATA[LEADER CHANGE: -1 -> 8000
 SERVER 1 Wlaczony na porcie 8000 (leader=8000) 
[SERVER 8000] Serwer zaciety z wiadomoscia: ERROR
]]></system-out>
  </testcase>
  <testcase name="acceptServerNotRunning" classname="accept() – faza ACCEPT Paxosa" time="0.005">
    <system-out><![CDATA[ SERVER 1 Wlaczony na porcie 8000 (leader=8000) 
[SERVER 8000] Crash za 300ms
]]></system-out>
  </testcase>
  <testcase name="acceptAccepted" classname="accept() – faza ACCEPT Paxosa" time="0.003">
    <system-out><![CDATA[ SERVER 1 Wlaczony na porcie 8000 (leader=8000) 
[SERVER 8000] <- ACCEPT proposalId=5 value=123
[SERVER 8000] -> ACCEPTED (5,123)
]]></system-out>
  </testcase>
  <testcase name="acceptReject" classname="accept() – faza ACCEPT Paxosa" time="0.003">
    <system-out><![CDATA[ SERVER 1 Wlaczony na porcie 8000 (leader=8000) 
[SERVER 8000] INJECT promised=10
[SERVER 8000] <- ACCEPT proposalId=5 value=77
[SERVER 8000] -> REJECT (promised=10)
]]></system-out>
  </testcase>
  <testcase name="prepareReturnsPromise" classname="prepare() – faza PREPARE Paxosa" time="0.001">
    <system-out><![CDATA[ SERVER 1 Wlaczony na porcie 8000 (leader=8000) 
[SERVER 8000] INJECT acceptedProposal=3
[SERVER 8000] INJECT acceptedValue=99
[SERVER 8000] <- PREPARE proposalId=10
[SERVER 8000] -> PROMISE (accepted=(3,99))
]]></system-out>
  </testcase>
  <testcase name="prepareNoAccepted" classname="prepare() – faza PREPARE Paxosa" time="0.001">
    <system-out><![CDATA[ SERVER 1 Wlaczony na porcie 8000 (leader=8000) 
[SERVER 8000] <- PREPARE proposalId=5
[SERVER 8000] -> PROMISE (accepted=(-1,-1))
]]></system-out>
  </testcase>
  <testcase name="prepareServerNotRunning" classname="prepare() – faza PREPARE Paxosa" time="0.001">
    <system-out><![CDATA[ SERVER 1 Wlaczony na porcie 8000 (leader=8000) 
[SERVER 8000] Crash za 300ms
]]></system-out>
  </testcase>
  <testcase name="prepareReject" classname="prepare() – faza PREPARE Paxosa" time="0.001">
    <system-out><![CDATA[ SERVER 1 Wlaczony na porcie 8000 (leader=8000) 
[SERVER 8000] INJECT promised=10
[SERVER 8000] <- PREPARE proposalId=5
[SERVER 8000] -> REJECT (promised=10)
]]></system-out>
  </testcase>
  <testcase name="injectAcceptedProposal" classname="Inject - wstrzykiwanie danych" time="0.002">
    <system-out><![CDATA[ SERVER 1 Wlaczony na porcie 8000 (leader=8000) 
[SERVER 8000] INJECT acceptedProposal=5
]]></system-out>
  </testcase>
  <testcase name="injectAcceptedValue" classname="Inject - wstrzykiwanie danych" time="0.002">
    <system-out><![CDATA[ SERVER 1 Wlaczony na porcie 8000 (leader=8000) 
[SERVER 8000] INJECT acceptedValue=42
]]></system-out>
  </testcase>
  <testcase name="injectPromised" classname="Inject - wstrzykiwanie danych" time="0.002">
    <system-out><![CDATA[ SERVER 1 Wlaczony na porcie 8000 (leader=8000) 
[SERVER 8000] INJECT promised=10
]]></system-out>
  </testcase>
</testsuite>